{"numTotalTestSuites":12,"numPassedTestSuites":0,"numFailedTestSuites":12,"numPendingTestSuites":0,"numTotalTests":28,"numPassedTests":0,"numFailedTests":28,"numPendingTests":0,"numTodoTests":0,"snapshot":{"added":0,"failure":false,"filesAdded":0,"filesRemoved":0,"filesRemovedList":[],"filesUnmatched":0,"filesUpdated":0,"matched":0,"total":0,"unchecked":0,"uncheckedKeysByFile":[],"unmatched":0,"updated":0,"didUpdate":false},"startTime":1757352766311,"success":false,"testResults":[{"assertionResults":[{"ancestorTitles":["AIWeddingOptimizer","Component Rendering"],"fullName":"AIWeddingOptimizer Component Rendering renders the main AI optimization interface correctly","status":"failed","title":"renders the main AI optimization interface correctly","duration":49.05058300000019,"failureMessages":["TypeError: Right-hand side of 'instanceof' is not an object\n    at getActiveElementDeep (/Users/skyphotography/CODE/WedSync-2.0/WedSync2/wedsync/node_modules/react-dom/cjs/react-dom.development.js:8445:18)\n    at getSelectionInformation (/Users/skyphotography/CODE/WedSync-2.0/WedSync2/wedsync/node_modules/react-dom/cjs/react-dom.development.js:8476:21)\n    at prepareForCommit (/Users/skyphotography/CODE/WedSync-2.0/WedSync2/wedsync/node_modules/react-dom/cjs/react-dom.development.js:10912:26)\n    at commitBeforeMutationEffects (/Users/skyphotography/CODE/WedSync-2.0/WedSync2/wedsync/node_modules/react-dom/cjs/react-dom.development.js:22980:27)\n    at commitRootImpl (/Users/skyphotography/CODE/WedSync-2.0/WedSync2/wedsync/node_modules/react-dom/cjs/react-dom.development.js:26840:45)\n    at commitRoot (/Users/skyphotography/CODE/WedSync-2.0/WedSync2/wedsync/node_modules/react-dom/cjs/react-dom.development.js:26721:5)\n    at finishConcurrentRender (/Users/skyphotography/CODE/WedSync-2.0/WedSync2/wedsync/node_modules/react-dom/cjs/react-dom.development.js:26020:9)\n    at performConcurrentWorkOnRoot (/Users/skyphotography/CODE/WedSync-2.0/WedSync2/wedsync/node_modules/react-dom/cjs/react-dom.development.js:25848:7)\n    at flushActQueue (/Users/skyphotography/CODE/WedSync-2.0/WedSync2/wedsync/node_modules/react/cjs/react.development.js:2667:24)\n    at act (/Users/skyphotography/CODE/WedSync-2.0/WedSync2/wedsync/node_modules/react/cjs/react.development.js:2582:11)","Error: Should not already be working.\n    at performConcurrentWorkOnRoot (/Users/skyphotography/CODE/WedSync-2.0/WedSync2/wedsync/node_modules/react-dom/cjs/react-dom.development.js:25742:11)\n    at flushActQueue (/Users/skyphotography/CODE/WedSync-2.0/WedSync2/wedsync/node_modules/react/cjs/react.development.js:2667:24)\n    at act (/Users/skyphotography/CODE/WedSync-2.0/WedSync2/wedsync/node_modules/react/cjs/react.development.js:2582:11)\n    at /Users/skyphotography/CODE/WedSync-2.0/WedSync2/wedsync/node_modules/@testing-library/react/dist/act-compat.js:47:25\n    at /Users/skyphotography/CODE/WedSync-2.0/WedSync2/wedsync/node_modules/@testing-library/react/dist/pure.js:285:28\n    at Array.forEach (<anonymous>)\n    at Proxy.cleanup (/Users/skyphotography/CODE/WedSync-2.0/WedSync2/wedsync/node_modules/@testing-library/react/dist/pure.js:281:22)\n    at /Users/skyphotography/CODE/WedSync-2.0/WedSync2/wedsync/tests/setup.ts:199:3\n    at file:///Users/skyphotography/CODE/WedSync-2.0/WedSync2/wedsync/node_modules/@vitest/runner/dist/chunk-hooks.js:155:11\n    at file:///Users/skyphotography/CODE/WedSync-2.0/WedSync2/wedsync/node_modules/@vitest/runner/dist/chunk-hooks.js:1897:20"],"location":{"line":223,"column":5},"meta":{}},{"ancestorTitles":["AIWeddingOptimizer","Component Rendering"],"fullName":"AIWeddingOptimizer Component Rendering displays all optimization categories","status":"failed","title":"displays all optimization categories","duration":2.4868329999999332,"failureMessages":["Error: Should not already be working.\n    at performConcurrentWorkOnRoot (/Users/skyphotography/CODE/WedSync-2.0/WedSync2/wedsync/node_modules/react-dom/cjs/react-dom.development.js:25742:11)\n    at flushActQueue (/Users/skyphotography/CODE/WedSync-2.0/WedSync2/wedsync/node_modules/react/cjs/react.development.js:2667:24)\n    at act (/Users/skyphotography/CODE/WedSync-2.0/WedSync2/wedsync/node_modules/react/cjs/react.development.js:2582:11)\n    at /Users/skyphotography/CODE/WedSync-2.0/WedSync2/wedsync/node_modules/@testing-library/react/dist/act-compat.js:47:25\n    at renderRoot (/Users/skyphotography/CODE/WedSync-2.0/WedSync2/wedsync/node_modules/@testing-library/react/dist/pure.js:180:26)\n    at Proxy.render (/Users/skyphotography/CODE/WedSync-2.0/WedSync2/wedsync/node_modules/@testing-library/react/dist/pure.js:271:10)\n    at /Users/skyphotography/CODE/WedSync-2.0/WedSync2/wedsync/src/__tests__/components/ai/AIWeddingOptimizer.test.tsx:232:7\n    at file:///Users/skyphotography/CODE/WedSync-2.0/WedSync2/wedsync/node_modules/@vitest/runner/dist/chunk-hooks.js:155:11\n    at file:///Users/skyphotography/CODE/WedSync-2.0/WedSync2/wedsync/node_modules/@vitest/runner/dist/chunk-hooks.js:752:26\n    at file:///Users/skyphotography/CODE/WedSync-2.0/WedSync2/wedsync/node_modules/@vitest/runner/dist/chunk-hooks.js:1897:20","Error: Should not already be working.\n    at performConcurrentWorkOnRoot (/Users/skyphotography/CODE/WedSync-2.0/WedSync2/wedsync/node_modules/react-dom/cjs/react-dom.development.js:25742:11)\n    at flushActQueue (/Users/skyphotography/CODE/WedSync-2.0/WedSync2/wedsync/node_modules/react/cjs/react.development.js:2667:24)\n    at act (/Users/skyphotography/CODE/WedSync-2.0/WedSync2/wedsync/node_modules/react/cjs/react.development.js:2582:11)\n    at /Users/skyphotography/CODE/WedSync-2.0/WedSync2/wedsync/node_modules/@testing-library/react/dist/act-compat.js:47:25\n    at /Users/skyphotography/CODE/WedSync-2.0/WedSync2/wedsync/node_modules/@testing-library/react/dist/pure.js:285:28\n    at Array.forEach (<anonymous>)\n    at Proxy.cleanup (/Users/skyphotography/CODE/WedSync-2.0/WedSync2/wedsync/node_modules/@testing-library/react/dist/pure.js:281:22)\n    at /Users/skyphotography/CODE/WedSync-2.0/WedSync2/wedsync/tests/setup.ts:199:3\n    at file:///Users/skyphotography/CODE/WedSync-2.0/WedSync2/wedsync/node_modules/@vitest/runner/dist/chunk-hooks.js:155:11\n    at file:///Users/skyphotography/CODE/WedSync-2.0/WedSync2/wedsync/node_modules/@vitest/runner/dist/chunk-hooks.js:1897:20"],"location":{"line":231,"column":5},"meta":{}},{"ancestorTitles":["AIWeddingOptimizer","Component Rendering"],"fullName":"AIWeddingOptimizer Component Rendering shows optimization category benefits","status":"failed","title":"shows optimization category benefits","duration":2.0943749999999,"failureMessages":["Error: Should not already be working.\n    at performConcurrentWorkOnRoot (/Users/skyphotography/CODE/WedSync-2.0/WedSync2/wedsync/node_modules/react-dom/cjs/react-dom.development.js:25742:11)\n    at flushActQueue (/Users/skyphotography/CODE/WedSync-2.0/WedSync2/wedsync/node_modules/react/cjs/react.development.js:2667:24)\n    at act (/Users/skyphotography/CODE/WedSync-2.0/WedSync2/wedsync/node_modules/react/cjs/react.development.js:2582:11)\n    at /Users/skyphotography/CODE/WedSync-2.0/WedSync2/wedsync/node_modules/@testing-library/react/dist/act-compat.js:47:25\n    at renderRoot (/Users/skyphotography/CODE/WedSync-2.0/WedSync2/wedsync/node_modules/@testing-library/react/dist/pure.js:180:26)\n    at Proxy.render (/Users/skyphotography/CODE/WedSync-2.0/WedSync2/wedsync/node_modules/@testing-library/react/dist/pure.js:271:10)\n    at /Users/skyphotography/CODE/WedSync-2.0/WedSync2/wedsync/src/__tests__/components/ai/AIWeddingOptimizer.test.tsx:241:7\n    at file:///Users/skyphotography/CODE/WedSync-2.0/WedSync2/wedsync/node_modules/@vitest/runner/dist/chunk-hooks.js:155:11\n    at file:///Users/skyphotography/CODE/WedSync-2.0/WedSync2/wedsync/node_modules/@vitest/runner/dist/chunk-hooks.js:752:26\n    at file:///Users/skyphotography/CODE/WedSync-2.0/WedSync2/wedsync/node_modules/@vitest/runner/dist/chunk-hooks.js:1897:20","Error: Should not already be working.\n    at performConcurrentWorkOnRoot (/Users/skyphotography/CODE/WedSync-2.0/WedSync2/wedsync/node_modules/react-dom/cjs/react-dom.development.js:25742:11)\n    at flushActQueue (/Users/skyphotography/CODE/WedSync-2.0/WedSync2/wedsync/node_modules/react/cjs/react.development.js:2667:24)\n    at act (/Users/skyphotography/CODE/WedSync-2.0/WedSync2/wedsync/node_modules/react/cjs/react.development.js:2582:11)\n    at /Users/skyphotography/CODE/WedSync-2.0/WedSync2/wedsync/node_modules/@testing-library/react/dist/act-compat.js:47:25\n    at /Users/skyphotography/CODE/WedSync-2.0/WedSync2/wedsync/node_modules/@testing-library/react/dist/pure.js:285:28\n    at Array.forEach (<anonymous>)\n    at Proxy.cleanup (/Users/skyphotography/CODE/WedSync-2.0/WedSync2/wedsync/node_modules/@testing-library/react/dist/pure.js:281:22)\n    at /Users/skyphotography/CODE/WedSync-2.0/WedSync2/wedsync/tests/setup.ts:199:3\n    at file:///Users/skyphotography/CODE/WedSync-2.0/WedSync2/wedsync/node_modules/@vitest/runner/dist/chunk-hooks.js:155:11\n    at file:///Users/skyphotography/CODE/WedSync-2.0/WedSync2/wedsync/node_modules/@vitest/runner/dist/chunk-hooks.js:1897:20"],"location":{"line":240,"column":5},"meta":{}},{"ancestorTitles":["AIWeddingOptimizer","Component Rendering"],"fullName":"AIWeddingOptimizer Component Rendering displays recommendations when available","status":"failed","title":"displays recommendations when available","duration":1.9481249999998909,"failureMessages":["Error: Should not already be working.\n    at performConcurrentWorkOnRoot (/Users/skyphotography/CODE/WedSync-2.0/WedSync2/wedsync/node_modules/react-dom/cjs/react-dom.development.js:25742:11)\n    at flushActQueue (/Users/skyphotography/CODE/WedSync-2.0/WedSync2/wedsync/node_modules/react/cjs/react.development.js:2667:24)\n    at act (/Users/skyphotography/CODE/WedSync-2.0/WedSync2/wedsync/node_modules/react/cjs/react.development.js:2582:11)\n    at /Users/skyphotography/CODE/WedSync-2.0/WedSync2/wedsync/node_modules/@testing-library/react/dist/act-compat.js:47:25\n    at renderRoot (/Users/skyphotography/CODE/WedSync-2.0/WedSync2/wedsync/node_modules/@testing-library/react/dist/pure.js:180:26)\n    at Proxy.render (/Users/skyphotography/CODE/WedSync-2.0/WedSync2/wedsync/node_modules/@testing-library/react/dist/pure.js:271:10)\n    at /Users/skyphotography/CODE/WedSync-2.0/WedSync2/wedsync/src/__tests__/components/ai/AIWeddingOptimizer.test.tsx:250:7\n    at file:///Users/skyphotography/CODE/WedSync-2.0/WedSync2/wedsync/node_modules/@vitest/runner/dist/chunk-hooks.js:155:11\n    at file:///Users/skyphotography/CODE/WedSync-2.0/WedSync2/wedsync/node_modules/@vitest/runner/dist/chunk-hooks.js:752:26\n    at file:///Users/skyphotography/CODE/WedSync-2.0/WedSync2/wedsync/node_modules/@vitest/runner/dist/chunk-hooks.js:1897:20","Error: Should not already be working.\n    at performConcurrentWorkOnRoot (/Users/skyphotography/CODE/WedSync-2.0/WedSync2/wedsync/node_modules/react-dom/cjs/react-dom.development.js:25742:11)\n    at flushActQueue (/Users/skyphotography/CODE/WedSync-2.0/WedSync2/wedsync/node_modules/react/cjs/react.development.js:2667:24)\n    at act (/Users/skyphotography/CODE/WedSync-2.0/WedSync2/wedsync/node_modules/react/cjs/react.development.js:2582:11)\n    at /Users/skyphotography/CODE/WedSync-2.0/WedSync2/wedsync/node_modules/@testing-library/react/dist/act-compat.js:47:25\n    at /Users/skyphotography/CODE/WedSync-2.0/WedSync2/wedsync/node_modules/@testing-library/react/dist/pure.js:285:28\n    at Array.forEach (<anonymous>)\n    at Proxy.cleanup (/Users/skyphotography/CODE/WedSync-2.0/WedSync2/wedsync/node_modules/@testing-library/react/dist/pure.js:281:22)\n    at /Users/skyphotography/CODE/WedSync-2.0/WedSync2/wedsync/tests/setup.ts:199:3\n    at file:///Users/skyphotography/CODE/WedSync-2.0/WedSync2/wedsync/node_modules/@vitest/runner/dist/chunk-hooks.js:155:11\n    at file:///Users/skyphotography/CODE/WedSync-2.0/WedSync2/wedsync/node_modules/@vitest/runner/dist/chunk-hooks.js:1897:20"],"location":{"line":249,"column":5},"meta":{}},{"ancestorTitles":["AIWeddingOptimizer","Component Rendering"],"fullName":"AIWeddingOptimizer Component Rendering shows placeholder when no recommendations are available","status":"failed","title":"shows placeholder when no recommendations are available","duration":1.8764169999999467,"failureMessages":["Error: Should not already be working.\n    at performConcurrentWorkOnRoot (/Users/skyphotography/CODE/WedSync-2.0/WedSync2/wedsync/node_modules/react-dom/cjs/react-dom.development.js:25742:11)\n    at flushActQueue (/Users/skyphotography/CODE/WedSync-2.0/WedSync2/wedsync/node_modules/react/cjs/react.development.js:2667:24)\n    at act (/Users/skyphotography/CODE/WedSync-2.0/WedSync2/wedsync/node_modules/react/cjs/react.development.js:2582:11)\n    at /Users/skyphotography/CODE/WedSync-2.0/WedSync2/wedsync/node_modules/@testing-library/react/dist/act-compat.js:47:25\n    at renderRoot (/Users/skyphotography/CODE/WedSync-2.0/WedSync2/wedsync/node_modules/@testing-library/react/dist/pure.js:180:26)\n    at Proxy.render (/Users/skyphotography/CODE/WedSync-2.0/WedSync2/wedsync/node_modules/@testing-library/react/dist/pure.js:271:10)\n    at /Users/skyphotography/CODE/WedSync-2.0/WedSync2/wedsync/src/__tests__/components/ai/AIWeddingOptimizer.test.tsx:263:7\n    at file:///Users/skyphotography/CODE/WedSync-2.0/WedSync2/wedsync/node_modules/@vitest/runner/dist/chunk-hooks.js:155:11\n    at file:///Users/skyphotography/CODE/WedSync-2.0/WedSync2/wedsync/node_modules/@vitest/runner/dist/chunk-hooks.js:752:26\n    at file:///Users/skyphotography/CODE/WedSync-2.0/WedSync2/wedsync/node_modules/@vitest/runner/dist/chunk-hooks.js:1897:20","Error: Should not already be working.\n    at performConcurrentWorkOnRoot (/Users/skyphotography/CODE/WedSync-2.0/WedSync2/wedsync/node_modules/react-dom/cjs/react-dom.development.js:25742:11)\n    at flushActQueue (/Users/skyphotography/CODE/WedSync-2.0/WedSync2/wedsync/node_modules/react/cjs/react.development.js:2667:24)\n    at act (/Users/skyphotography/CODE/WedSync-2.0/WedSync2/wedsync/node_modules/react/cjs/react.development.js:2582:11)\n    at /Users/skyphotography/CODE/WedSync-2.0/WedSync2/wedsync/node_modules/@testing-library/react/dist/act-compat.js:47:25\n    at /Users/skyphotography/CODE/WedSync-2.0/WedSync2/wedsync/node_modules/@testing-library/react/dist/pure.js:285:28\n    at Array.forEach (<anonymous>)\n    at Proxy.cleanup (/Users/skyphotography/CODE/WedSync-2.0/WedSync2/wedsync/node_modules/@testing-library/react/dist/pure.js:281:22)\n    at /Users/skyphotography/CODE/WedSync-2.0/WedSync2/wedsync/tests/setup.ts:199:3\n    at file:///Users/skyphotography/CODE/WedSync-2.0/WedSync2/wedsync/node_modules/@vitest/runner/dist/chunk-hooks.js:155:11\n    at file:///Users/skyphotography/CODE/WedSync-2.0/WedSync2/wedsync/node_modules/@vitest/runner/dist/chunk-hooks.js:1897:20"],"location":{"line":257,"column":5},"meta":{}},{"ancestorTitles":["AIWeddingOptimizer","Optimization Request Handling"],"fullName":"AIWeddingOptimizer Optimization Request Handling handles optimization request correctly","status":"failed","title":"handles optimization request correctly","duration":3.0799580000000333,"failureMessages":["Error: Should not already be working.\n    at performConcurrentWorkOnRoot (/Users/skyphotography/CODE/WedSync-2.0/WedSync2/wedsync/node_modules/react-dom/cjs/react-dom.development.js:25742:11)\n    at flushActQueue (/Users/skyphotography/CODE/WedSync-2.0/WedSync2/wedsync/node_modules/react/cjs/react.development.js:2667:24)\n    at act (/Users/skyphotography/CODE/WedSync-2.0/WedSync2/wedsync/node_modules/react/cjs/react.development.js:2582:11)\n    at /Users/skyphotography/CODE/WedSync-2.0/WedSync2/wedsync/node_modules/@testing-library/react/dist/act-compat.js:47:25\n    at renderRoot (/Users/skyphotography/CODE/WedSync-2.0/WedSync2/wedsync/node_modules/@testing-library/react/dist/pure.js:180:26)\n    at Proxy.render (/Users/skyphotography/CODE/WedSync-2.0/WedSync2/wedsync/node_modules/@testing-library/react/dist/pure.js:271:10)\n    at /Users/skyphotography/CODE/WedSync-2.0/WedSync2/wedsync/src/__tests__/components/ai/AIWeddingOptimizer.test.tsx:273:7\n    at file:///Users/skyphotography/CODE/WedSync-2.0/WedSync2/wedsync/node_modules/@vitest/runner/dist/chunk-hooks.js:155:11\n    at file:///Users/skyphotography/CODE/WedSync-2.0/WedSync2/wedsync/node_modules/@vitest/runner/dist/chunk-hooks.js:752:26\n    at file:///Users/skyphotography/CODE/WedSync-2.0/WedSync2/wedsync/node_modules/@vitest/runner/dist/chunk-hooks.js:1897:20","Error: Should not already be working.\n    at performConcurrentWorkOnRoot (/Users/skyphotography/CODE/WedSync-2.0/WedSync2/wedsync/node_modules/react-dom/cjs/react-dom.development.js:25742:11)\n    at flushActQueue (/Users/skyphotography/CODE/WedSync-2.0/WedSync2/wedsync/node_modules/react/cjs/react.development.js:2667:24)\n    at act (/Users/skyphotography/CODE/WedSync-2.0/WedSync2/wedsync/node_modules/react/cjs/react.development.js:2582:11)\n    at /Users/skyphotography/CODE/WedSync-2.0/WedSync2/wedsync/node_modules/@testing-library/react/dist/act-compat.js:47:25\n    at /Users/skyphotography/CODE/WedSync-2.0/WedSync2/wedsync/node_modules/@testing-library/react/dist/pure.js:285:28\n    at Array.forEach (<anonymous>)\n    at Proxy.cleanup (/Users/skyphotography/CODE/WedSync-2.0/WedSync2/wedsync/node_modules/@testing-library/react/dist/pure.js:281:22)\n    at /Users/skyphotography/CODE/WedSync-2.0/WedSync2/wedsync/tests/setup.ts:199:3\n    at file:///Users/skyphotography/CODE/WedSync-2.0/WedSync2/wedsync/node_modules/@vitest/runner/dist/chunk-hooks.js:155:11\n    at file:///Users/skyphotography/CODE/WedSync-2.0/WedSync2/wedsync/node_modules/@vitest/runner/dist/chunk-hooks.js:1897:20"],"location":{"line":271,"column":5},"meta":{}},{"ancestorTitles":["AIWeddingOptimizer","Optimization Request Handling"],"fullName":"AIWeddingOptimizer Optimization Request Handling handles category-specific optimization requests","status":"failed","title":"handles category-specific optimization requests","duration":2.0623749999999745,"failureMessages":["Error: Should not already be working.\n    at performConcurrentWorkOnRoot (/Users/skyphotography/CODE/WedSync-2.0/WedSync2/wedsync/node_modules/react-dom/cjs/react-dom.development.js:25742:11)\n    at flushActQueue (/Users/skyphotography/CODE/WedSync-2.0/WedSync2/wedsync/node_modules/react/cjs/react.development.js:2667:24)\n    at act (/Users/skyphotography/CODE/WedSync-2.0/WedSync2/wedsync/node_modules/react/cjs/react.development.js:2582:11)\n    at /Users/skyphotography/CODE/WedSync-2.0/WedSync2/wedsync/node_modules/@testing-library/react/dist/act-compat.js:47:25\n    at renderRoot (/Users/skyphotography/CODE/WedSync-2.0/WedSync2/wedsync/node_modules/@testing-library/react/dist/pure.js:180:26)\n    at Proxy.render (/Users/skyphotography/CODE/WedSync-2.0/WedSync2/wedsync/node_modules/@testing-library/react/dist/pure.js:271:10)\n    at /Users/skyphotography/CODE/WedSync-2.0/WedSync2/wedsync/src/__tests__/components/ai/AIWeddingOptimizer.test.tsx:288:7\n    at file:///Users/skyphotography/CODE/WedSync-2.0/WedSync2/wedsync/node_modules/@vitest/runner/dist/chunk-hooks.js:155:11\n    at file:///Users/skyphotography/CODE/WedSync-2.0/WedSync2/wedsync/node_modules/@vitest/runner/dist/chunk-hooks.js:752:26\n    at file:///Users/skyphotography/CODE/WedSync-2.0/WedSync2/wedsync/node_modules/@vitest/runner/dist/chunk-hooks.js:1897:20","Error: Should not already be working.\n    at performConcurrentWorkOnRoot (/Users/skyphotography/CODE/WedSync-2.0/WedSync2/wedsync/node_modules/react-dom/cjs/react-dom.development.js:25742:11)\n    at flushActQueue (/Users/skyphotography/CODE/WedSync-2.0/WedSync2/wedsync/node_modules/react/cjs/react.development.js:2667:24)\n    at act (/Users/skyphotography/CODE/WedSync-2.0/WedSync2/wedsync/node_modules/react/cjs/react.development.js:2582:11)\n    at /Users/skyphotography/CODE/WedSync-2.0/WedSync2/wedsync/node_modules/@testing-library/react/dist/act-compat.js:47:25\n    at /Users/skyphotography/CODE/WedSync-2.0/WedSync2/wedsync/node_modules/@testing-library/react/dist/pure.js:285:28\n    at Array.forEach (<anonymous>)\n    at Proxy.cleanup (/Users/skyphotography/CODE/WedSync-2.0/WedSync2/wedsync/node_modules/@testing-library/react/dist/pure.js:281:22)\n    at /Users/skyphotography/CODE/WedSync-2.0/WedSync2/wedsync/tests/setup.ts:199:3\n    at file:///Users/skyphotography/CODE/WedSync-2.0/WedSync2/wedsync/node_modules/@vitest/runner/dist/chunk-hooks.js:155:11\n    at file:///Users/skyphotography/CODE/WedSync-2.0/WedSync2/wedsync/node_modules/@vitest/runner/dist/chunk-hooks.js:1897:20"],"location":{"line":286,"column":5},"meta":{}},{"ancestorTitles":["AIWeddingOptimizer","Optimization Request Handling"],"fullName":"AIWeddingOptimizer Optimization Request Handling shows loading state during optimization","status":"failed","title":"shows loading state during optimization","duration":1.6965000000000146,"failureMessages":["Error: Should not already be working.\n    at performConcurrentWorkOnRoot (/Users/skyphotography/CODE/WedSync-2.0/WedSync2/wedsync/node_modules/react-dom/cjs/react-dom.development.js:25742:11)\n    at flushActQueue (/Users/skyphotography/CODE/WedSync-2.0/WedSync2/wedsync/node_modules/react/cjs/react.development.js:2667:24)\n    at act (/Users/skyphotography/CODE/WedSync-2.0/WedSync2/wedsync/node_modules/react/cjs/react.development.js:2582:11)\n    at /Users/skyphotography/CODE/WedSync-2.0/WedSync2/wedsync/node_modules/@testing-library/react/dist/act-compat.js:47:25\n    at renderRoot (/Users/skyphotography/CODE/WedSync-2.0/WedSync2/wedsync/node_modules/@testing-library/react/dist/pure.js:180:26)\n    at Proxy.render (/Users/skyphotography/CODE/WedSync-2.0/WedSync2/wedsync/node_modules/@testing-library/react/dist/pure.js:271:10)\n    at /Users/skyphotography/CODE/WedSync-2.0/WedSync2/wedsync/src/__tests__/components/ai/AIWeddingOptimizer.test.tsx:310:7\n    at file:///Users/skyphotography/CODE/WedSync-2.0/WedSync2/wedsync/node_modules/@vitest/runner/dist/chunk-hooks.js:155:11\n    at file:///Users/skyphotography/CODE/WedSync-2.0/WedSync2/wedsync/node_modules/@vitest/runner/dist/chunk-hooks.js:752:26\n    at file:///Users/skyphotography/CODE/WedSync-2.0/WedSync2/wedsync/node_modules/@vitest/runner/dist/chunk-hooks.js:1897:20","Error: Should not already be working.\n    at performConcurrentWorkOnRoot (/Users/skyphotography/CODE/WedSync-2.0/WedSync2/wedsync/node_modules/react-dom/cjs/react-dom.development.js:25742:11)\n    at flushActQueue (/Users/skyphotography/CODE/WedSync-2.0/WedSync2/wedsync/node_modules/react/cjs/react.development.js:2667:24)\n    at act (/Users/skyphotography/CODE/WedSync-2.0/WedSync2/wedsync/node_modules/react/cjs/react.development.js:2582:11)\n    at /Users/skyphotography/CODE/WedSync-2.0/WedSync2/wedsync/node_modules/@testing-library/react/dist/act-compat.js:47:25\n    at /Users/skyphotography/CODE/WedSync-2.0/WedSync2/wedsync/node_modules/@testing-library/react/dist/pure.js:285:28\n    at Array.forEach (<anonymous>)\n    at Proxy.cleanup (/Users/skyphotography/CODE/WedSync-2.0/WedSync2/wedsync/node_modules/@testing-library/react/dist/pure.js:281:22)\n    at /Users/skyphotography/CODE/WedSync-2.0/WedSync2/wedsync/tests/setup.ts:199:3\n    at file:///Users/skyphotography/CODE/WedSync-2.0/WedSync2/wedsync/node_modules/@vitest/runner/dist/chunk-hooks.js:155:11\n    at file:///Users/skyphotography/CODE/WedSync-2.0/WedSync2/wedsync/node_modules/@vitest/runner/dist/chunk-hooks.js:1897:20"],"location":{"line":304,"column":5},"meta":{}},{"ancestorTitles":["AIWeddingOptimizer","Recommendation Interactions"],"fullName":"AIWeddingOptimizer Recommendation Interactions handles recommendation acceptance","status":"failed","title":"handles recommendation acceptance","duration":1.7237500000001091,"failureMessages":["Error: Should not already be working.\n    at performConcurrentWorkOnRoot (/Users/skyphotography/CODE/WedSync-2.0/WedSync2/wedsync/node_modules/react-dom/cjs/react-dom.development.js:25742:11)\n    at flushActQueue (/Users/skyphotography/CODE/WedSync-2.0/WedSync2/wedsync/node_modules/react/cjs/react.development.js:2667:24)\n    at act (/Users/skyphotography/CODE/WedSync-2.0/WedSync2/wedsync/node_modules/react/cjs/react.development.js:2582:11)\n    at /Users/skyphotography/CODE/WedSync-2.0/WedSync2/wedsync/node_modules/@testing-library/react/dist/act-compat.js:47:25\n    at renderRoot (/Users/skyphotography/CODE/WedSync-2.0/WedSync2/wedsync/node_modules/@testing-library/react/dist/pure.js:180:26)\n    at Proxy.render (/Users/skyphotography/CODE/WedSync-2.0/WedSync2/wedsync/node_modules/@testing-library/react/dist/pure.js:271:10)\n    at /Users/skyphotography/CODE/WedSync-2.0/WedSync2/wedsync/src/__tests__/components/ai/AIWeddingOptimizer.test.tsx:320:7\n    at file:///Users/skyphotography/CODE/WedSync-2.0/WedSync2/wedsync/node_modules/@vitest/runner/dist/chunk-hooks.js:155:11\n    at file:///Users/skyphotography/CODE/WedSync-2.0/WedSync2/wedsync/node_modules/@vitest/runner/dist/chunk-hooks.js:752:26\n    at file:///Users/skyphotography/CODE/WedSync-2.0/WedSync2/wedsync/node_modules/@vitest/runner/dist/chunk-hooks.js:1897:20","Error: Should not already be working.\n    at performConcurrentWorkOnRoot (/Users/skyphotography/CODE/WedSync-2.0/WedSync2/wedsync/node_modules/react-dom/cjs/react-dom.development.js:25742:11)\n    at flushActQueue (/Users/skyphotography/CODE/WedSync-2.0/WedSync2/wedsync/node_modules/react/cjs/react.development.js:2667:24)\n    at act (/Users/skyphotography/CODE/WedSync-2.0/WedSync2/wedsync/node_modules/react/cjs/react.development.js:2582:11)\n    at /Users/skyphotography/CODE/WedSync-2.0/WedSync2/wedsync/node_modules/@testing-library/react/dist/act-compat.js:47:25\n    at /Users/skyphotography/CODE/WedSync-2.0/WedSync2/wedsync/node_modules/@testing-library/react/dist/pure.js:285:28\n    at Array.forEach (<anonymous>)\n    at Proxy.cleanup (/Users/skyphotography/CODE/WedSync-2.0/WedSync2/wedsync/node_modules/@testing-library/react/dist/pure.js:281:22)\n    at /Users/skyphotography/CODE/WedSync-2.0/WedSync2/wedsync/tests/setup.ts:199:3\n    at file:///Users/skyphotography/CODE/WedSync-2.0/WedSync2/wedsync/node_modules/@vitest/runner/dist/chunk-hooks.js:155:11\n    at file:///Users/skyphotography/CODE/WedSync-2.0/WedSync2/wedsync/node_modules/@vitest/runner/dist/chunk-hooks.js:1897:20"],"location":{"line":318,"column":5},"meta":{}},{"ancestorTitles":["AIWeddingOptimizer","Recommendation Interactions"],"fullName":"AIWeddingOptimizer Recommendation Interactions handles recommendation decline","status":"failed","title":"handles recommendation decline","duration":1.8860420000000886,"failureMessages":["Error: Should not already be working.\n    at performConcurrentWorkOnRoot (/Users/skyphotography/CODE/WedSync-2.0/WedSync2/wedsync/node_modules/react-dom/cjs/react-dom.development.js:25742:11)\n    at flushActQueue (/Users/skyphotography/CODE/WedSync-2.0/WedSync2/wedsync/node_modules/react/cjs/react.development.js:2667:24)\n    at act (/Users/skyphotography/CODE/WedSync-2.0/WedSync2/wedsync/node_modules/react/cjs/react.development.js:2582:11)\n    at /Users/skyphotography/CODE/WedSync-2.0/WedSync2/wedsync/node_modules/@testing-library/react/dist/act-compat.js:47:25\n    at renderRoot (/Users/skyphotography/CODE/WedSync-2.0/WedSync2/wedsync/node_modules/@testing-library/react/dist/pure.js:180:26)\n    at Proxy.render (/Users/skyphotography/CODE/WedSync-2.0/WedSync2/wedsync/node_modules/@testing-library/react/dist/pure.js:271:10)\n    at /Users/skyphotography/CODE/WedSync-2.0/WedSync2/wedsync/src/__tests__/components/ai/AIWeddingOptimizer.test.tsx:332:7\n    at file:///Users/skyphotography/CODE/WedSync-2.0/WedSync2/wedsync/node_modules/@vitest/runner/dist/chunk-hooks.js:155:11\n    at file:///Users/skyphotography/CODE/WedSync-2.0/WedSync2/wedsync/node_modules/@vitest/runner/dist/chunk-hooks.js:752:26\n    at file:///Users/skyphotography/CODE/WedSync-2.0/WedSync2/wedsync/node_modules/@vitest/runner/dist/chunk-hooks.js:1897:20","Error: Should not already be working.\n    at performConcurrentWorkOnRoot (/Users/skyphotography/CODE/WedSync-2.0/WedSync2/wedsync/node_modules/react-dom/cjs/react-dom.development.js:25742:11)\n    at flushActQueue (/Users/skyphotography/CODE/WedSync-2.0/WedSync2/wedsync/node_modules/react/cjs/react.development.js:2667:24)\n    at act (/Users/skyphotography/CODE/WedSync-2.0/WedSync2/wedsync/node_modules/react/cjs/react.development.js:2582:11)\n    at /Users/skyphotography/CODE/WedSync-2.0/WedSync2/wedsync/node_modules/@testing-library/react/dist/act-compat.js:47:25\n    at /Users/skyphotography/CODE/WedSync-2.0/WedSync2/wedsync/node_modules/@testing-library/react/dist/pure.js:285:28\n    at Array.forEach (<anonymous>)\n    at Proxy.cleanup (/Users/skyphotography/CODE/WedSync-2.0/WedSync2/wedsync/node_modules/@testing-library/react/dist/pure.js:281:22)\n    at /Users/skyphotography/CODE/WedSync-2.0/WedSync2/wedsync/tests/setup.ts:199:3\n    at file:///Users/skyphotography/CODE/WedSync-2.0/WedSync2/wedsync/node_modules/@vitest/runner/dist/chunk-hooks.js:155:11\n    at file:///Users/skyphotography/CODE/WedSync-2.0/WedSync2/wedsync/node_modules/@vitest/runner/dist/chunk-hooks.js:1897:20"],"location":{"line":330,"column":5},"meta":{}},{"ancestorTitles":["AIWeddingOptimizer","Recommendation Interactions"],"fullName":"AIWeddingOptimizer Recommendation Interactions shows recommendation details when requested","status":"failed","title":"shows recommendation details when requested","duration":2.7627090000000862,"failureMessages":["Error: Should not already be working.\n    at performConcurrentWorkOnRoot (/Users/skyphotography/CODE/WedSync-2.0/WedSync2/wedsync/node_modules/react-dom/cjs/react-dom.development.js:25742:11)\n    at flushActQueue (/Users/skyphotography/CODE/WedSync-2.0/WedSync2/wedsync/node_modules/react/cjs/react.development.js:2667:24)\n    at act (/Users/skyphotography/CODE/WedSync-2.0/WedSync2/wedsync/node_modules/react/cjs/react.development.js:2582:11)\n    at /Users/skyphotography/CODE/WedSync-2.0/WedSync2/wedsync/node_modules/@testing-library/react/dist/act-compat.js:47:25\n    at renderRoot (/Users/skyphotography/CODE/WedSync-2.0/WedSync2/wedsync/node_modules/@testing-library/react/dist/pure.js:180:26)\n    at Proxy.render (/Users/skyphotography/CODE/WedSync-2.0/WedSync2/wedsync/node_modules/@testing-library/react/dist/pure.js:271:10)\n    at /Users/skyphotography/CODE/WedSync-2.0/WedSync2/wedsync/src/__tests__/components/ai/AIWeddingOptimizer.test.tsx:348:7\n    at file:///Users/skyphotography/CODE/WedSync-2.0/WedSync2/wedsync/node_modules/@vitest/runner/dist/chunk-hooks.js:155:11\n    at file:///Users/skyphotography/CODE/WedSync-2.0/WedSync2/wedsync/node_modules/@vitest/runner/dist/chunk-hooks.js:752:26\n    at file:///Users/skyphotography/CODE/WedSync-2.0/WedSync2/wedsync/node_modules/@vitest/runner/dist/chunk-hooks.js:1897:20","Error: Should not already be working.\n    at performConcurrentWorkOnRoot (/Users/skyphotography/CODE/WedSync-2.0/WedSync2/wedsync/node_modules/react-dom/cjs/react-dom.development.js:25742:11)\n    at flushActQueue (/Users/skyphotography/CODE/WedSync-2.0/WedSync2/wedsync/node_modules/react/cjs/react.development.js:2667:24)\n    at act (/Users/skyphotography/CODE/WedSync-2.0/WedSync2/wedsync/node_modules/react/cjs/react.development.js:2582:11)\n    at /Users/skyphotography/CODE/WedSync-2.0/WedSync2/wedsync/node_modules/@testing-library/react/dist/act-compat.js:47:25\n    at /Users/skyphotography/CODE/WedSync-2.0/WedSync2/wedsync/node_modules/@testing-library/react/dist/pure.js:285:28\n    at Array.forEach (<anonymous>)\n    at Proxy.cleanup (/Users/skyphotography/CODE/WedSync-2.0/WedSync2/wedsync/node_modules/@testing-library/react/dist/pure.js:281:22)\n    at /Users/skyphotography/CODE/WedSync-2.0/WedSync2/wedsync/tests/setup.ts:199:3\n    at file:///Users/skyphotography/CODE/WedSync-2.0/WedSync2/wedsync/node_modules/@vitest/runner/dist/chunk-hooks.js:155:11\n    at file:///Users/skyphotography/CODE/WedSync-2.0/WedSync2/wedsync/node_modules/@vitest/runner/dist/chunk-hooks.js:1897:20"],"location":{"line":346,"column":5},"meta":{}},{"ancestorTitles":["AIWeddingOptimizer","Recommendation Interactions"],"fullName":"AIWeddingOptimizer Recommendation Interactions displays recommendation alternatives","status":"failed","title":"displays recommendation alternatives","duration":3.515666999999894,"failureMessages":["Error: Should not already be working.\n    at performConcurrentWorkOnRoot (/Users/skyphotography/CODE/WedSync-2.0/WedSync2/wedsync/node_modules/react-dom/cjs/react-dom.development.js:25742:11)\n    at flushActQueue (/Users/skyphotography/CODE/WedSync-2.0/WedSync2/wedsync/node_modules/react/cjs/react.development.js:2667:24)\n    at act (/Users/skyphotography/CODE/WedSync-2.0/WedSync2/wedsync/node_modules/react/cjs/react.development.js:2582:11)\n    at /Users/skyphotography/CODE/WedSync-2.0/WedSync2/wedsync/node_modules/@testing-library/react/dist/act-compat.js:47:25\n    at renderRoot (/Users/skyphotography/CODE/WedSync-2.0/WedSync2/wedsync/node_modules/@testing-library/react/dist/pure.js:180:26)\n    at Proxy.render (/Users/skyphotography/CODE/WedSync-2.0/WedSync2/wedsync/node_modules/@testing-library/react/dist/pure.js:271:10)\n    at /Users/skyphotography/CODE/WedSync-2.0/WedSync2/wedsync/src/__tests__/components/ai/AIWeddingOptimizer.test.tsx:361:7\n    at file:///Users/skyphotography/CODE/WedSync-2.0/WedSync2/wedsync/node_modules/@vitest/runner/dist/chunk-hooks.js:155:11\n    at file:///Users/skyphotography/CODE/WedSync-2.0/WedSync2/wedsync/node_modules/@vitest/runner/dist/chunk-hooks.js:752:26\n    at file:///Users/skyphotography/CODE/WedSync-2.0/WedSync2/wedsync/node_modules/@vitest/runner/dist/chunk-hooks.js:1897:20","Error: Should not already be working.\n    at performConcurrentWorkOnRoot (/Users/skyphotography/CODE/WedSync-2.0/WedSync2/wedsync/node_modules/react-dom/cjs/react-dom.development.js:25742:11)\n    at flushActQueue (/Users/skyphotography/CODE/WedSync-2.0/WedSync2/wedsync/node_modules/react/cjs/react.development.js:2667:24)\n    at act (/Users/skyphotography/CODE/WedSync-2.0/WedSync2/wedsync/node_modules/react/cjs/react.development.js:2582:11)\n    at /Users/skyphotography/CODE/WedSync-2.0/WedSync2/wedsync/node_modules/@testing-library/react/dist/act-compat.js:47:25\n    at /Users/skyphotography/CODE/WedSync-2.0/WedSync2/wedsync/node_modules/@testing-library/react/dist/pure.js:285:28\n    at Array.forEach (<anonymous>)\n    at Proxy.cleanup (/Users/skyphotography/CODE/WedSync-2.0/WedSync2/wedsync/node_modules/@testing-library/react/dist/pure.js:281:22)\n    at /Users/skyphotography/CODE/WedSync-2.0/WedSync2/wedsync/tests/setup.ts:199:3\n    at file:///Users/skyphotography/CODE/WedSync-2.0/WedSync2/wedsync/node_modules/@vitest/runner/dist/chunk-hooks.js:155:11\n    at file:///Users/skyphotography/CODE/WedSync-2.0/WedSync2/wedsync/node_modules/@vitest/runner/dist/chunk-hooks.js:1897:20"],"location":{"line":359,"column":5},"meta":{}},{"ancestorTitles":["AIWeddingOptimizer","Category Selection"],"fullName":"AIWeddingOptimizer Category Selection updates selected optimization category","status":"failed","title":"updates selected optimization category","duration":3.4506249999999454,"failureMessages":["Error: Should not already be working.\n    at performConcurrentWorkOnRoot (/Users/skyphotography/CODE/WedSync-2.0/WedSync2/wedsync/node_modules/react-dom/cjs/react-dom.development.js:25742:11)\n    at flushActQueue (/Users/skyphotography/CODE/WedSync-2.0/WedSync2/wedsync/node_modules/react/cjs/react.development.js:2667:24)\n    at act (/Users/skyphotography/CODE/WedSync-2.0/WedSync2/wedsync/node_modules/react/cjs/react.development.js:2582:11)\n    at /Users/skyphotography/CODE/WedSync-2.0/WedSync2/wedsync/node_modules/@testing-library/react/dist/act-compat.js:47:25\n    at renderRoot (/Users/skyphotography/CODE/WedSync-2.0/WedSync2/wedsync/node_modules/@testing-library/react/dist/pure.js:180:26)\n    at Proxy.render (/Users/skyphotography/CODE/WedSync-2.0/WedSync2/wedsync/node_modules/@testing-library/react/dist/pure.js:271:10)\n    at /Users/skyphotography/CODE/WedSync-2.0/WedSync2/wedsync/src/__tests__/components/ai/AIWeddingOptimizer.test.tsx:376:7\n    at file:///Users/skyphotography/CODE/WedSync-2.0/WedSync2/wedsync/node_modules/@vitest/runner/dist/chunk-hooks.js:155:11\n    at file:///Users/skyphotography/CODE/WedSync-2.0/WedSync2/wedsync/node_modules/@vitest/runner/dist/chunk-hooks.js:752:26\n    at file:///Users/skyphotography/CODE/WedSync-2.0/WedSync2/wedsync/node_modules/@vitest/runner/dist/chunk-hooks.js:1897:20","Error: Should not already be working.\n    at performConcurrentWorkOnRoot (/Users/skyphotography/CODE/WedSync-2.0/WedSync2/wedsync/node_modules/react-dom/cjs/react-dom.development.js:25742:11)\n    at flushActQueue (/Users/skyphotography/CODE/WedSync-2.0/WedSync2/wedsync/node_modules/react/cjs/react.development.js:2667:24)\n    at act (/Users/skyphotography/CODE/WedSync-2.0/WedSync2/wedsync/node_modules/react/cjs/react.development.js:2582:11)\n    at /Users/skyphotography/CODE/WedSync-2.0/WedSync2/wedsync/node_modules/@testing-library/react/dist/act-compat.js:47:25\n    at /Users/skyphotography/CODE/WedSync-2.0/WedSync2/wedsync/node_modules/@testing-library/react/dist/pure.js:285:28\n    at Array.forEach (<anonymous>)\n    at Proxy.cleanup (/Users/skyphotography/CODE/WedSync-2.0/WedSync2/wedsync/node_modules/@testing-library/react/dist/pure.js:281:22)\n    at /Users/skyphotography/CODE/WedSync-2.0/WedSync2/wedsync/tests/setup.ts:199:3\n    at file:///Users/skyphotography/CODE/WedSync-2.0/WedSync2/wedsync/node_modules/@vitest/runner/dist/chunk-hooks.js:155:11\n    at file:///Users/skyphotography/CODE/WedSync-2.0/WedSync2/wedsync/node_modules/@vitest/runner/dist/chunk-hooks.js:1897:20"],"location":{"line":374,"column":5},"meta":{}},{"ancestorTitles":["AIWeddingOptimizer","Category Selection"],"fullName":"AIWeddingOptimizer Category Selection shows different benefits for each category","status":"failed","title":"shows different benefits for each category","duration":3.790458999999828,"failureMessages":["Error: Should not already be working.\n    at performConcurrentWorkOnRoot (/Users/skyphotography/CODE/WedSync-2.0/WedSync2/wedsync/node_modules/react-dom/cjs/react-dom.development.js:25742:11)\n    at flushActQueue (/Users/skyphotography/CODE/WedSync-2.0/WedSync2/wedsync/node_modules/react/cjs/react.development.js:2667:24)\n    at act (/Users/skyphotography/CODE/WedSync-2.0/WedSync2/wedsync/node_modules/react/cjs/react.development.js:2582:11)\n    at /Users/skyphotography/CODE/WedSync-2.0/WedSync2/wedsync/node_modules/@testing-library/react/dist/act-compat.js:47:25\n    at renderRoot (/Users/skyphotography/CODE/WedSync-2.0/WedSync2/wedsync/node_modules/@testing-library/react/dist/pure.js:180:26)\n    at Proxy.render (/Users/skyphotography/CODE/WedSync-2.0/WedSync2/wedsync/node_modules/@testing-library/react/dist/pure.js:271:10)\n    at /Users/skyphotography/CODE/WedSync-2.0/WedSync2/wedsync/src/__tests__/components/ai/AIWeddingOptimizer.test.tsx:387:7\n    at file:///Users/skyphotography/CODE/WedSync-2.0/WedSync2/wedsync/node_modules/@vitest/runner/dist/chunk-hooks.js:155:11\n    at file:///Users/skyphotography/CODE/WedSync-2.0/WedSync2/wedsync/node_modules/@vitest/runner/dist/chunk-hooks.js:752:26\n    at file:///Users/skyphotography/CODE/WedSync-2.0/WedSync2/wedsync/node_modules/@vitest/runner/dist/chunk-hooks.js:1897:20","Error: Should not already be working.\n    at performConcurrentWorkOnRoot (/Users/skyphotography/CODE/WedSync-2.0/WedSync2/wedsync/node_modules/react-dom/cjs/react-dom.development.js:25742:11)\n    at flushActQueue (/Users/skyphotography/CODE/WedSync-2.0/WedSync2/wedsync/node_modules/react/cjs/react.development.js:2667:24)\n    at act (/Users/skyphotography/CODE/WedSync-2.0/WedSync2/wedsync/node_modules/react/cjs/react.development.js:2582:11)\n    at /Users/skyphotography/CODE/WedSync-2.0/WedSync2/wedsync/node_modules/@testing-library/react/dist/act-compat.js:47:25\n    at /Users/skyphotography/CODE/WedSync-2.0/WedSync2/wedsync/node_modules/@testing-library/react/dist/pure.js:285:28\n    at Array.forEach (<anonymous>)\n    at Proxy.cleanup (/Users/skyphotography/CODE/WedSync-2.0/WedSync2/wedsync/node_modules/@testing-library/react/dist/pure.js:281:22)\n    at /Users/skyphotography/CODE/WedSync-2.0/WedSync2/wedsync/tests/setup.ts:199:3\n    at file:///Users/skyphotography/CODE/WedSync-2.0/WedSync2/wedsync/node_modules/@vitest/runner/dist/chunk-hooks.js:155:11\n    at file:///Users/skyphotography/CODE/WedSync-2.0/WedSync2/wedsync/node_modules/@vitest/runner/dist/chunk-hooks.js:1897:20"],"location":{"line":386,"column":5},"meta":{}},{"ancestorTitles":["AIWeddingOptimizer","Error Handling"],"fullName":"AIWeddingOptimizer Error Handling displays error messages from the hook","status":"failed","title":"displays error messages from the hook","duration":4.4185419999998885,"failureMessages":["Error: Should not already be working.\n    at performConcurrentWorkOnRoot (/Users/skyphotography/CODE/WedSync-2.0/WedSync2/wedsync/node_modules/react-dom/cjs/react-dom.development.js:25742:11)\n    at flushActQueue (/Users/skyphotography/CODE/WedSync-2.0/WedSync2/wedsync/node_modules/react/cjs/react.development.js:2667:24)\n    at act (/Users/skyphotography/CODE/WedSync-2.0/WedSync2/wedsync/node_modules/react/cjs/react.development.js:2582:11)\n    at /Users/skyphotography/CODE/WedSync-2.0/WedSync2/wedsync/node_modules/@testing-library/react/dist/act-compat.js:47:25\n    at renderRoot (/Users/skyphotography/CODE/WedSync-2.0/WedSync2/wedsync/node_modules/@testing-library/react/dist/pure.js:180:26)\n    at Proxy.render (/Users/skyphotography/CODE/WedSync-2.0/WedSync2/wedsync/node_modules/@testing-library/react/dist/pure.js:271:10)\n    at /Users/skyphotography/CODE/WedSync-2.0/WedSync2/wedsync/src/__tests__/components/ai/AIWeddingOptimizer.test.tsx:409:7\n    at file:///Users/skyphotography/CODE/WedSync-2.0/WedSync2/wedsync/node_modules/@vitest/runner/dist/chunk-hooks.js:155:11\n    at file:///Users/skyphotography/CODE/WedSync-2.0/WedSync2/wedsync/node_modules/@vitest/runner/dist/chunk-hooks.js:752:26\n    at file:///Users/skyphotography/CODE/WedSync-2.0/WedSync2/wedsync/node_modules/@vitest/runner/dist/chunk-hooks.js:1897:20","Error: Should not already be working.\n    at performConcurrentWorkOnRoot (/Users/skyphotography/CODE/WedSync-2.0/WedSync2/wedsync/node_modules/react-dom/cjs/react-dom.development.js:25742:11)\n    at flushActQueue (/Users/skyphotography/CODE/WedSync-2.0/WedSync2/wedsync/node_modules/react/cjs/react.development.js:2667:24)\n    at act (/Users/skyphotography/CODE/WedSync-2.0/WedSync2/wedsync/node_modules/react/cjs/react.development.js:2582:11)\n    at /Users/skyphotography/CODE/WedSync-2.0/WedSync2/wedsync/node_modules/@testing-library/react/dist/act-compat.js:47:25\n    at /Users/skyphotography/CODE/WedSync-2.0/WedSync2/wedsync/node_modules/@testing-library/react/dist/pure.js:285:28\n    at Array.forEach (<anonymous>)\n    at Proxy.cleanup (/Users/skyphotography/CODE/WedSync-2.0/WedSync2/wedsync/node_modules/@testing-library/react/dist/pure.js:281:22)\n    at /Users/skyphotography/CODE/WedSync-2.0/WedSync2/wedsync/tests/setup.ts:199:3\n    at file:///Users/skyphotography/CODE/WedSync-2.0/WedSync2/wedsync/node_modules/@vitest/runner/dist/chunk-hooks.js:155:11\n    at file:///Users/skyphotography/CODE/WedSync-2.0/WedSync2/wedsync/node_modules/@vitest/runner/dist/chunk-hooks.js:1897:20"],"location":{"line":402,"column":5},"meta":{}},{"ancestorTitles":["AIWeddingOptimizer","Error Handling"],"fullName":"AIWeddingOptimizer Error Handling handles API errors gracefully","status":"failed","title":"handles API errors gracefully","duration":3.6337080000000697,"failureMessages":["Error: Should not already be working.\n    at performConcurrentWorkOnRoot (/Users/skyphotography/CODE/WedSync-2.0/WedSync2/wedsync/node_modules/react-dom/cjs/react-dom.development.js:25742:11)\n    at flushActQueue (/Users/skyphotography/CODE/WedSync-2.0/WedSync2/wedsync/node_modules/react/cjs/react.development.js:2667:24)\n    at act (/Users/skyphotography/CODE/WedSync-2.0/WedSync2/wedsync/node_modules/react/cjs/react.development.js:2582:11)\n    at /Users/skyphotography/CODE/WedSync-2.0/WedSync2/wedsync/node_modules/@testing-library/react/dist/act-compat.js:47:25\n    at renderRoot (/Users/skyphotography/CODE/WedSync-2.0/WedSync2/wedsync/node_modules/@testing-library/react/dist/pure.js:180:26)\n    at Proxy.render (/Users/skyphotography/CODE/WedSync-2.0/WedSync2/wedsync/node_modules/@testing-library/react/dist/pure.js:271:10)\n    at /Users/skyphotography/CODE/WedSync-2.0/WedSync2/wedsync/src/__tests__/components/ai/AIWeddingOptimizer.test.tsx:423:7\n    at file:///Users/skyphotography/CODE/WedSync-2.0/WedSync2/wedsync/node_modules/@vitest/runner/dist/chunk-hooks.js:155:11\n    at file:///Users/skyphotography/CODE/WedSync-2.0/WedSync2/wedsync/node_modules/@vitest/runner/dist/chunk-hooks.js:752:26\n    at file:///Users/skyphotography/CODE/WedSync-2.0/WedSync2/wedsync/node_modules/@vitest/runner/dist/chunk-hooks.js:1897:20","Error: Should not already be working.\n    at performConcurrentWorkOnRoot (/Users/skyphotography/CODE/WedSync-2.0/WedSync2/wedsync/node_modules/react-dom/cjs/react-dom.development.js:25742:11)\n    at flushActQueue (/Users/skyphotography/CODE/WedSync-2.0/WedSync2/wedsync/node_modules/react/cjs/react.development.js:2667:24)\n    at act (/Users/skyphotography/CODE/WedSync-2.0/WedSync2/wedsync/node_modules/react/cjs/react.development.js:2582:11)\n    at /Users/skyphotography/CODE/WedSync-2.0/WedSync2/wedsync/node_modules/@testing-library/react/dist/act-compat.js:47:25\n    at /Users/skyphotography/CODE/WedSync-2.0/WedSync2/wedsync/node_modules/@testing-library/react/dist/pure.js:285:28\n    at Array.forEach (<anonymous>)\n    at Proxy.cleanup (/Users/skyphotography/CODE/WedSync-2.0/WedSync2/wedsync/node_modules/@testing-library/react/dist/pure.js:281:22)\n    at /Users/skyphotography/CODE/WedSync-2.0/WedSync2/wedsync/tests/setup.ts:199:3\n    at file:///Users/skyphotography/CODE/WedSync-2.0/WedSync2/wedsync/node_modules/@vitest/runner/dist/chunk-hooks.js:155:11\n    at file:///Users/skyphotography/CODE/WedSync-2.0/WedSync2/wedsync/node_modules/@vitest/runner/dist/chunk-hooks.js:1897:20"],"location":{"line":414,"column":5},"meta":{}},{"ancestorTitles":["AIWeddingOptimizer","Accessibility"],"fullName":"AIWeddingOptimizer Accessibility has proper ARIA labels and roles","status":"failed","title":"has proper ARIA labels and roles","duration":4.765041999999994,"failureMessages":["Error: Should not already be working.\n    at performConcurrentWorkOnRoot (/Users/skyphotography/CODE/WedSync-2.0/WedSync2/wedsync/node_modules/react-dom/cjs/react-dom.development.js:25742:11)\n    at flushActQueue (/Users/skyphotography/CODE/WedSync-2.0/WedSync2/wedsync/node_modules/react/cjs/react.development.js:2667:24)\n    at act (/Users/skyphotography/CODE/WedSync-2.0/WedSync2/wedsync/node_modules/react/cjs/react.development.js:2582:11)\n    at /Users/skyphotography/CODE/WedSync-2.0/WedSync2/wedsync/node_modules/@testing-library/react/dist/act-compat.js:47:25\n    at renderRoot (/Users/skyphotography/CODE/WedSync-2.0/WedSync2/wedsync/node_modules/@testing-library/react/dist/pure.js:180:26)\n    at Proxy.render (/Users/skyphotography/CODE/WedSync-2.0/WedSync2/wedsync/node_modules/@testing-library/react/dist/pure.js:271:10)\n    at /Users/skyphotography/CODE/WedSync-2.0/WedSync2/wedsync/src/__tests__/components/ai/AIWeddingOptimizer.test.tsx:437:7\n    at file:///Users/skyphotography/CODE/WedSync-2.0/WedSync2/wedsync/node_modules/@vitest/runner/dist/chunk-hooks.js:155:11\n    at file:///Users/skyphotography/CODE/WedSync-2.0/WedSync2/wedsync/node_modules/@vitest/runner/dist/chunk-hooks.js:752:26\n    at file:///Users/skyphotography/CODE/WedSync-2.0/WedSync2/wedsync/node_modules/@vitest/runner/dist/chunk-hooks.js:1897:20","Error: Should not already be working.\n    at performConcurrentWorkOnRoot (/Users/skyphotography/CODE/WedSync-2.0/WedSync2/wedsync/node_modules/react-dom/cjs/react-dom.development.js:25742:11)\n    at flushActQueue (/Users/skyphotography/CODE/WedSync-2.0/WedSync2/wedsync/node_modules/react/cjs/react.development.js:2667:24)\n    at act (/Users/skyphotography/CODE/WedSync-2.0/WedSync2/wedsync/node_modules/react/cjs/react.development.js:2582:11)\n    at /Users/skyphotography/CODE/WedSync-2.0/WedSync2/wedsync/node_modules/@testing-library/react/dist/act-compat.js:47:25\n    at /Users/skyphotography/CODE/WedSync-2.0/WedSync2/wedsync/node_modules/@testing-library/react/dist/pure.js:285:28\n    at Array.forEach (<anonymous>)\n    at Proxy.cleanup (/Users/skyphotography/CODE/WedSync-2.0/WedSync2/wedsync/node_modules/@testing-library/react/dist/pure.js:281:22)\n    at /Users/skyphotography/CODE/WedSync-2.0/WedSync2/wedsync/tests/setup.ts:199:3\n    at file:///Users/skyphotography/CODE/WedSync-2.0/WedSync2/wedsync/node_modules/@vitest/runner/dist/chunk-hooks.js:155:11\n    at file:///Users/skyphotography/CODE/WedSync-2.0/WedSync2/wedsync/node_modules/@vitest/runner/dist/chunk-hooks.js:1897:20"],"location":{"line":436,"column":5},"meta":{}},{"ancestorTitles":["AIWeddingOptimizer","Accessibility"],"fullName":"AIWeddingOptimizer Accessibility supports keyboard navigation","status":"failed","title":"supports keyboard navigation","duration":3.610582999999906,"failureMessages":["Error: Should not already be working.\n    at performConcurrentWorkOnRoot (/Users/skyphotography/CODE/WedSync-2.0/WedSync2/wedsync/node_modules/react-dom/cjs/react-dom.development.js:25742:11)\n    at flushActQueue (/Users/skyphotography/CODE/WedSync-2.0/WedSync2/wedsync/node_modules/react/cjs/react.development.js:2667:24)\n    at act (/Users/skyphotography/CODE/WedSync-2.0/WedSync2/wedsync/node_modules/react/cjs/react.development.js:2582:11)\n    at /Users/skyphotography/CODE/WedSync-2.0/WedSync2/wedsync/node_modules/@testing-library/react/dist/act-compat.js:47:25\n    at renderRoot (/Users/skyphotography/CODE/WedSync-2.0/WedSync2/wedsync/node_modules/@testing-library/react/dist/pure.js:180:26)\n    at Proxy.render (/Users/skyphotography/CODE/WedSync-2.0/WedSync2/wedsync/node_modules/@testing-library/react/dist/pure.js:271:10)\n    at /Users/skyphotography/CODE/WedSync-2.0/WedSync2/wedsync/src/__tests__/components/ai/AIWeddingOptimizer.test.tsx:449:7\n    at file:///Users/skyphotography/CODE/WedSync-2.0/WedSync2/wedsync/node_modules/@vitest/runner/dist/chunk-hooks.js:155:11\n    at file:///Users/skyphotography/CODE/WedSync-2.0/WedSync2/wedsync/node_modules/@vitest/runner/dist/chunk-hooks.js:752:26\n    at file:///Users/skyphotography/CODE/WedSync-2.0/WedSync2/wedsync/node_modules/@vitest/runner/dist/chunk-hooks.js:1897:20","Error: Should not already be working.\n    at performConcurrentWorkOnRoot (/Users/skyphotography/CODE/WedSync-2.0/WedSync2/wedsync/node_modules/react-dom/cjs/react-dom.development.js:25742:11)\n    at flushActQueue (/Users/skyphotography/CODE/WedSync-2.0/WedSync2/wedsync/node_modules/react/cjs/react.development.js:2667:24)\n    at act (/Users/skyphotography/CODE/WedSync-2.0/WedSync2/wedsync/node_modules/react/cjs/react.development.js:2582:11)\n    at /Users/skyphotography/CODE/WedSync-2.0/WedSync2/wedsync/node_modules/@testing-library/react/dist/act-compat.js:47:25\n    at /Users/skyphotography/CODE/WedSync-2.0/WedSync2/wedsync/node_modules/@testing-library/react/dist/pure.js:285:28\n    at Array.forEach (<anonymous>)\n    at Proxy.cleanup (/Users/skyphotography/CODE/WedSync-2.0/WedSync2/wedsync/node_modules/@testing-library/react/dist/pure.js:281:22)\n    at /Users/skyphotography/CODE/WedSync-2.0/WedSync2/wedsync/tests/setup.ts:199:3\n    at file:///Users/skyphotography/CODE/WedSync-2.0/WedSync2/wedsync/node_modules/@vitest/runner/dist/chunk-hooks.js:155:11\n    at file:///Users/skyphotography/CODE/WedSync-2.0/WedSync2/wedsync/node_modules/@vitest/runner/dist/chunk-hooks.js:1897:20"],"location":{"line":447,"column":5},"meta":{}},{"ancestorTitles":["AIWeddingOptimizer","Accessibility"],"fullName":"AIWeddingOptimizer Accessibility provides meaningful text for screen readers","status":"failed","title":"provides meaningful text for screen readers","duration":5.4382080000000315,"failureMessages":["Error: Should not already be working.\n    at performConcurrentWorkOnRoot (/Users/skyphotography/CODE/WedSync-2.0/WedSync2/wedsync/node_modules/react-dom/cjs/react-dom.development.js:25742:11)\n    at flushActQueue (/Users/skyphotography/CODE/WedSync-2.0/WedSync2/wedsync/node_modules/react/cjs/react.development.js:2667:24)\n    at act (/Users/skyphotography/CODE/WedSync-2.0/WedSync2/wedsync/node_modules/react/cjs/react.development.js:2582:11)\n    at /Users/skyphotography/CODE/WedSync-2.0/WedSync2/wedsync/node_modules/@testing-library/react/dist/act-compat.js:47:25\n    at renderRoot (/Users/skyphotography/CODE/WedSync-2.0/WedSync2/wedsync/node_modules/@testing-library/react/dist/pure.js:180:26)\n    at Proxy.render (/Users/skyphotography/CODE/WedSync-2.0/WedSync2/wedsync/node_modules/@testing-library/react/dist/pure.js:271:10)\n    at /Users/skyphotography/CODE/WedSync-2.0/WedSync2/wedsync/src/__tests__/components/ai/AIWeddingOptimizer.test.tsx:460:7\n    at file:///Users/skyphotography/CODE/WedSync-2.0/WedSync2/wedsync/node_modules/@vitest/runner/dist/chunk-hooks.js:155:11\n    at file:///Users/skyphotography/CODE/WedSync-2.0/WedSync2/wedsync/node_modules/@vitest/runner/dist/chunk-hooks.js:752:26\n    at file:///Users/skyphotography/CODE/WedSync-2.0/WedSync2/wedsync/node_modules/@vitest/runner/dist/chunk-hooks.js:1897:20","Error: Should not already be working.\n    at performConcurrentWorkOnRoot (/Users/skyphotography/CODE/WedSync-2.0/WedSync2/wedsync/node_modules/react-dom/cjs/react-dom.development.js:25742:11)\n    at flushActQueue (/Users/skyphotography/CODE/WedSync-2.0/WedSync2/wedsync/node_modules/react/cjs/react.development.js:2667:24)\n    at act (/Users/skyphotography/CODE/WedSync-2.0/WedSync2/wedsync/node_modules/react/cjs/react.development.js:2582:11)\n    at /Users/skyphotography/CODE/WedSync-2.0/WedSync2/wedsync/node_modules/@testing-library/react/dist/act-compat.js:47:25\n    at /Users/skyphotography/CODE/WedSync-2.0/WedSync2/wedsync/node_modules/@testing-library/react/dist/pure.js:285:28\n    at Array.forEach (<anonymous>)\n    at Proxy.cleanup (/Users/skyphotography/CODE/WedSync-2.0/WedSync2/wedsync/node_modules/@testing-library/react/dist/pure.js:281:22)\n    at /Users/skyphotography/CODE/WedSync-2.0/WedSync2/wedsync/tests/setup.ts:199:3\n    at file:///Users/skyphotography/CODE/WedSync-2.0/WedSync2/wedsync/node_modules/@vitest/runner/dist/chunk-hooks.js:155:11\n    at file:///Users/skyphotography/CODE/WedSync-2.0/WedSync2/wedsync/node_modules/@vitest/runner/dist/chunk-hooks.js:1897:20"],"location":{"line":459,"column":5},"meta":{}},{"ancestorTitles":["AIWeddingOptimizer","Mobile Responsiveness"],"fullName":"AIWeddingOptimizer Mobile Responsiveness renders correctly on mobile viewport","status":"failed","title":"renders correctly on mobile viewport","duration":4.841666999999916,"failureMessages":["Error: Should not already be working.\n    at performConcurrentWorkOnRoot (/Users/skyphotography/CODE/WedSync-2.0/WedSync2/wedsync/node_modules/react-dom/cjs/react-dom.development.js:25742:11)\n    at flushActQueue (/Users/skyphotography/CODE/WedSync-2.0/WedSync2/wedsync/node_modules/react/cjs/react.development.js:2667:24)\n    at act (/Users/skyphotography/CODE/WedSync-2.0/WedSync2/wedsync/node_modules/react/cjs/react.development.js:2582:11)\n    at /Users/skyphotography/CODE/WedSync-2.0/WedSync2/wedsync/node_modules/@testing-library/react/dist/act-compat.js:47:25\n    at renderRoot (/Users/skyphotography/CODE/WedSync-2.0/WedSync2/wedsync/node_modules/@testing-library/react/dist/pure.js:180:26)\n    at Proxy.render (/Users/skyphotography/CODE/WedSync-2.0/WedSync2/wedsync/node_modules/@testing-library/react/dist/pure.js:271:10)\n    at /Users/skyphotography/CODE/WedSync-2.0/WedSync2/wedsync/src/__tests__/components/ai/AIWeddingOptimizer.test.tsx:477:7\n    at file:///Users/skyphotography/CODE/WedSync-2.0/WedSync2/wedsync/node_modules/@vitest/runner/dist/chunk-hooks.js:155:11\n    at file:///Users/skyphotography/CODE/WedSync-2.0/WedSync2/wedsync/node_modules/@vitest/runner/dist/chunk-hooks.js:752:26\n    at file:///Users/skyphotography/CODE/WedSync-2.0/WedSync2/wedsync/node_modules/@vitest/runner/dist/chunk-hooks.js:1897:20","Error: Should not already be working.\n    at performConcurrentWorkOnRoot (/Users/skyphotography/CODE/WedSync-2.0/WedSync2/wedsync/node_modules/react-dom/cjs/react-dom.development.js:25742:11)\n    at flushActQueue (/Users/skyphotography/CODE/WedSync-2.0/WedSync2/wedsync/node_modules/react/cjs/react.development.js:2667:24)\n    at act (/Users/skyphotography/CODE/WedSync-2.0/WedSync2/wedsync/node_modules/react/cjs/react.development.js:2582:11)\n    at /Users/skyphotography/CODE/WedSync-2.0/WedSync2/wedsync/node_modules/@testing-library/react/dist/act-compat.js:47:25\n    at /Users/skyphotography/CODE/WedSync-2.0/WedSync2/wedsync/node_modules/@testing-library/react/dist/pure.js:285:28\n    at Array.forEach (<anonymous>)\n    at Proxy.cleanup (/Users/skyphotography/CODE/WedSync-2.0/WedSync2/wedsync/node_modules/@testing-library/react/dist/pure.js:281:22)\n    at /Users/skyphotography/CODE/WedSync-2.0/WedSync2/wedsync/tests/setup.ts:199:3\n    at file:///Users/skyphotography/CODE/WedSync-2.0/WedSync2/wedsync/node_modules/@vitest/runner/dist/chunk-hooks.js:155:11\n    at file:///Users/skyphotography/CODE/WedSync-2.0/WedSync2/wedsync/node_modules/@vitest/runner/dist/chunk-hooks.js:1897:20"],"location":{"line":469,"column":5},"meta":{}},{"ancestorTitles":["AIWeddingOptimizer","Mobile Responsiveness"],"fullName":"AIWeddingOptimizer Mobile Responsiveness adjusts grid layout for different screen sizes","status":"failed","title":"adjusts grid layout for different screen sizes","duration":5.523124999999936,"failureMessages":["Error: Should not already be working.\n    at performConcurrentWorkOnRoot (/Users/skyphotography/CODE/WedSync-2.0/WedSync2/wedsync/node_modules/react-dom/cjs/react-dom.development.js:25742:11)\n    at flushActQueue (/Users/skyphotography/CODE/WedSync-2.0/WedSync2/wedsync/node_modules/react/cjs/react.development.js:2667:24)\n    at act (/Users/skyphotography/CODE/WedSync-2.0/WedSync2/wedsync/node_modules/react/cjs/react.development.js:2582:11)\n    at /Users/skyphotography/CODE/WedSync-2.0/WedSync2/wedsync/node_modules/@testing-library/react/dist/act-compat.js:47:25\n    at renderRoot (/Users/skyphotography/CODE/WedSync-2.0/WedSync2/wedsync/node_modules/@testing-library/react/dist/pure.js:180:26)\n    at Proxy.render (/Users/skyphotography/CODE/WedSync-2.0/WedSync2/wedsync/node_modules/@testing-library/react/dist/pure.js:271:10)\n    at /Users/skyphotography/CODE/WedSync-2.0/WedSync2/wedsync/src/__tests__/components/ai/AIWeddingOptimizer.test.tsx:485:7\n    at file:///Users/skyphotography/CODE/WedSync-2.0/WedSync2/wedsync/node_modules/@vitest/runner/dist/chunk-hooks.js:155:11\n    at file:///Users/skyphotography/CODE/WedSync-2.0/WedSync2/wedsync/node_modules/@vitest/runner/dist/chunk-hooks.js:752:26\n    at file:///Users/skyphotography/CODE/WedSync-2.0/WedSync2/wedsync/node_modules/@vitest/runner/dist/chunk-hooks.js:1897:20","Error: Should not already be working.\n    at performConcurrentWorkOnRoot (/Users/skyphotography/CODE/WedSync-2.0/WedSync2/wedsync/node_modules/react-dom/cjs/react-dom.development.js:25742:11)\n    at flushActQueue (/Users/skyphotography/CODE/WedSync-2.0/WedSync2/wedsync/node_modules/react/cjs/react.development.js:2667:24)\n    at act (/Users/skyphotography/CODE/WedSync-2.0/WedSync2/wedsync/node_modules/react/cjs/react.development.js:2582:11)\n    at /Users/skyphotography/CODE/WedSync-2.0/WedSync2/wedsync/node_modules/@testing-library/react/dist/act-compat.js:47:25\n    at /Users/skyphotography/CODE/WedSync-2.0/WedSync2/wedsync/node_modules/@testing-library/react/dist/pure.js:285:28\n    at Array.forEach (<anonymous>)\n    at Proxy.cleanup (/Users/skyphotography/CODE/WedSync-2.0/WedSync2/wedsync/node_modules/@testing-library/react/dist/pure.js:281:22)\n    at /Users/skyphotography/CODE/WedSync-2.0/WedSync2/wedsync/tests/setup.ts:199:3\n    at file:///Users/skyphotography/CODE/WedSync-2.0/WedSync2/wedsync/node_modules/@vitest/runner/dist/chunk-hooks.js:155:11\n    at file:///Users/skyphotography/CODE/WedSync-2.0/WedSync2/wedsync/node_modules/@vitest/runner/dist/chunk-hooks.js:1897:20"],"location":{"line":484,"column":5},"meta":{}},{"ancestorTitles":["AIWeddingOptimizer","Performance"],"fullName":"AIWeddingOptimizer Performance renders without performance warnings","status":"failed","title":"renders without performance warnings","duration":5.531542000000172,"failureMessages":["Error: Should not already be working.\n    at performConcurrentWorkOnRoot (/Users/skyphotography/CODE/WedSync-2.0/WedSync2/wedsync/node_modules/react-dom/cjs/react-dom.development.js:25742:11)\n    at flushActQueue (/Users/skyphotography/CODE/WedSync-2.0/WedSync2/wedsync/node_modules/react/cjs/react.development.js:2667:24)\n    at act (/Users/skyphotography/CODE/WedSync-2.0/WedSync2/wedsync/node_modules/react/cjs/react.development.js:2582:11)\n    at /Users/skyphotography/CODE/WedSync-2.0/WedSync2/wedsync/node_modules/@testing-library/react/dist/act-compat.js:47:25\n    at renderRoot (/Users/skyphotography/CODE/WedSync-2.0/WedSync2/wedsync/node_modules/@testing-library/react/dist/pure.js:180:26)\n    at Proxy.render (/Users/skyphotography/CODE/WedSync-2.0/WedSync2/wedsync/node_modules/@testing-library/react/dist/pure.js:271:10)\n    at /Users/skyphotography/CODE/WedSync-2.0/WedSync2/wedsync/src/__tests__/components/ai/AIWeddingOptimizer.test.tsx:497:7\n    at file:///Users/skyphotography/CODE/WedSync-2.0/WedSync2/wedsync/node_modules/@vitest/runner/dist/chunk-hooks.js:155:11\n    at file:///Users/skyphotography/CODE/WedSync-2.0/WedSync2/wedsync/node_modules/@vitest/runner/dist/chunk-hooks.js:752:26\n    at file:///Users/skyphotography/CODE/WedSync-2.0/WedSync2/wedsync/node_modules/@vitest/runner/dist/chunk-hooks.js:1897:20","Error: Should not already be working.\n    at performConcurrentWorkOnRoot (/Users/skyphotography/CODE/WedSync-2.0/WedSync2/wedsync/node_modules/react-dom/cjs/react-dom.development.js:25742:11)\n    at flushActQueue (/Users/skyphotography/CODE/WedSync-2.0/WedSync2/wedsync/node_modules/react/cjs/react.development.js:2667:24)\n    at act (/Users/skyphotography/CODE/WedSync-2.0/WedSync2/wedsync/node_modules/react/cjs/react.development.js:2582:11)\n    at /Users/skyphotography/CODE/WedSync-2.0/WedSync2/wedsync/node_modules/@testing-library/react/dist/act-compat.js:47:25\n    at /Users/skyphotography/CODE/WedSync-2.0/WedSync2/wedsync/node_modules/@testing-library/react/dist/pure.js:285:28\n    at Array.forEach (<anonymous>)\n    at Proxy.cleanup (/Users/skyphotography/CODE/WedSync-2.0/WedSync2/wedsync/node_modules/@testing-library/react/dist/pure.js:281:22)\n    at /Users/skyphotography/CODE/WedSync-2.0/WedSync2/wedsync/tests/setup.ts:199:3\n    at file:///Users/skyphotography/CODE/WedSync-2.0/WedSync2/wedsync/node_modules/@vitest/runner/dist/chunk-hooks.js:155:11\n    at file:///Users/skyphotography/CODE/WedSync-2.0/WedSync2/wedsync/node_modules/@vitest/runner/dist/chunk-hooks.js:1897:20"],"location":{"line":494,"column":5},"meta":{}},{"ancestorTitles":["AIWeddingOptimizer","Performance"],"fullName":"AIWeddingOptimizer Performance handles large datasets efficiently","status":"failed","title":"handles large datasets efficiently","duration":10.618582999999944,"failureMessages":["Error: Should not already be working.\n    at performConcurrentWorkOnRoot (/Users/skyphotography/CODE/WedSync-2.0/WedSync2/wedsync/node_modules/react-dom/cjs/react-dom.development.js:25742:11)\n    at flushActQueue (/Users/skyphotography/CODE/WedSync-2.0/WedSync2/wedsync/node_modules/react/cjs/react.development.js:2667:24)\n    at act (/Users/skyphotography/CODE/WedSync-2.0/WedSync2/wedsync/node_modules/react/cjs/react.development.js:2582:11)\n    at /Users/skyphotography/CODE/WedSync-2.0/WedSync2/wedsync/node_modules/@testing-library/react/dist/act-compat.js:47:25\n    at renderRoot (/Users/skyphotography/CODE/WedSync-2.0/WedSync2/wedsync/node_modules/@testing-library/react/dist/pure.js:180:26)\n    at Proxy.render (/Users/skyphotography/CODE/WedSync-2.0/WedSync2/wedsync/node_modules/@testing-library/react/dist/pure.js:271:10)\n    at /Users/skyphotography/CODE/WedSync-2.0/WedSync2/wedsync/src/__tests__/components/ai/AIWeddingOptimizer.test.tsx:519:7\n    at file:///Users/skyphotography/CODE/WedSync-2.0/WedSync2/wedsync/node_modules/@vitest/runner/dist/chunk-hooks.js:155:11\n    at file:///Users/skyphotography/CODE/WedSync-2.0/WedSync2/wedsync/node_modules/@vitest/runner/dist/chunk-hooks.js:752:26\n    at file:///Users/skyphotography/CODE/WedSync-2.0/WedSync2/wedsync/node_modules/@vitest/runner/dist/chunk-hooks.js:1897:20","Error: Should not already be working.\n    at performConcurrentWorkOnRoot (/Users/skyphotography/CODE/WedSync-2.0/WedSync2/wedsync/node_modules/react-dom/cjs/react-dom.development.js:25742:11)\n    at flushActQueue (/Users/skyphotography/CODE/WedSync-2.0/WedSync2/wedsync/node_modules/react/cjs/react.development.js:2667:24)\n    at act (/Users/skyphotography/CODE/WedSync-2.0/WedSync2/wedsync/node_modules/react/cjs/react.development.js:2582:11)\n    at /Users/skyphotography/CODE/WedSync-2.0/WedSync2/wedsync/node_modules/@testing-library/react/dist/act-compat.js:47:25\n    at /Users/skyphotography/CODE/WedSync-2.0/WedSync2/wedsync/node_modules/@testing-library/react/dist/pure.js:285:28\n    at Array.forEach (<anonymous>)\n    at Proxy.cleanup (/Users/skyphotography/CODE/WedSync-2.0/WedSync2/wedsync/node_modules/@testing-library/react/dist/pure.js:281:22)\n    at /Users/skyphotography/CODE/WedSync-2.0/WedSync2/wedsync/tests/setup.ts:199:3\n    at file:///Users/skyphotography/CODE/WedSync-2.0/WedSync2/wedsync/node_modules/@vitest/runner/dist/chunk-hooks.js:155:11\n    at file:///Users/skyphotography/CODE/WedSync-2.0/WedSync2/wedsync/node_modules/@vitest/runner/dist/chunk-hooks.js:1897:20"],"location":{"line":503,"column":5},"meta":{}},{"ancestorTitles":["AIWeddingOptimizer","Integration"],"fullName":"AIWeddingOptimizer Integration integrates correctly with useAIOptimization hook","status":"failed","title":"integrates correctly with useAIOptimization hook","duration":3.912166999999954,"failureMessages":["Error: Should not already be working.\n    at performConcurrentWorkOnRoot (/Users/skyphotography/CODE/WedSync-2.0/WedSync2/wedsync/node_modules/react-dom/cjs/react-dom.development.js:25742:11)\n    at flushActQueue (/Users/skyphotography/CODE/WedSync-2.0/WedSync2/wedsync/node_modules/react/cjs/react.development.js:2667:24)\n    at act (/Users/skyphotography/CODE/WedSync-2.0/WedSync2/wedsync/node_modules/react/cjs/react.development.js:2582:11)\n    at /Users/skyphotography/CODE/WedSync-2.0/WedSync2/wedsync/node_modules/@testing-library/react/dist/act-compat.js:47:25\n    at renderRoot (/Users/skyphotography/CODE/WedSync-2.0/WedSync2/wedsync/node_modules/@testing-library/react/dist/pure.js:180:26)\n    at Proxy.render (/Users/skyphotography/CODE/WedSync-2.0/WedSync2/wedsync/node_modules/@testing-library/react/dist/pure.js:271:10)\n    at /Users/skyphotography/CODE/WedSync-2.0/WedSync2/wedsync/src/__tests__/components/ai/AIWeddingOptimizer.test.tsx:545:7\n    at file:///Users/skyphotography/CODE/WedSync-2.0/WedSync2/wedsync/node_modules/@vitest/runner/dist/chunk-hooks.js:155:11\n    at file:///Users/skyphotography/CODE/WedSync-2.0/WedSync2/wedsync/node_modules/@vitest/runner/dist/chunk-hooks.js:752:26\n    at file:///Users/skyphotography/CODE/WedSync-2.0/WedSync2/wedsync/node_modules/@vitest/runner/dist/chunk-hooks.js:1897:20","Error: Should not already be working.\n    at performConcurrentWorkOnRoot (/Users/skyphotography/CODE/WedSync-2.0/WedSync2/wedsync/node_modules/react-dom/cjs/react-dom.development.js:25742:11)\n    at flushActQueue (/Users/skyphotography/CODE/WedSync-2.0/WedSync2/wedsync/node_modules/react/cjs/react.development.js:2667:24)\n    at act (/Users/skyphotography/CODE/WedSync-2.0/WedSync2/wedsync/node_modules/react/cjs/react.development.js:2582:11)\n    at /Users/skyphotography/CODE/WedSync-2.0/WedSync2/wedsync/node_modules/@testing-library/react/dist/act-compat.js:47:25\n    at /Users/skyphotography/CODE/WedSync-2.0/WedSync2/wedsync/node_modules/@testing-library/react/dist/pure.js:285:28\n    at Array.forEach (<anonymous>)\n    at Proxy.cleanup (/Users/skyphotography/CODE/WedSync-2.0/WedSync2/wedsync/node_modules/@testing-library/react/dist/pure.js:281:22)\n    at /Users/skyphotography/CODE/WedSync-2.0/WedSync2/wedsync/tests/setup.ts:199:3\n    at file:///Users/skyphotography/CODE/WedSync-2.0/WedSync2/wedsync/node_modules/@vitest/runner/dist/chunk-hooks.js:155:11\n    at file:///Users/skyphotography/CODE/WedSync-2.0/WedSync2/wedsync/node_modules/@vitest/runner/dist/chunk-hooks.js:1897:20"],"location":{"line":528,"column":5},"meta":{}},{"ancestorTitles":["AIWeddingOptimizer","Integration"],"fullName":"AIWeddingOptimizer Integration passes correct props to child components","status":"failed","title":"passes correct props to child components","duration":3.3519169999999576,"failureMessages":["Error: Should not already be working.\n    at performConcurrentWorkOnRoot (/Users/skyphotography/CODE/WedSync-2.0/WedSync2/wedsync/node_modules/react-dom/cjs/react-dom.development.js:25742:11)\n    at flushActQueue (/Users/skyphotography/CODE/WedSync-2.0/WedSync2/wedsync/node_modules/react/cjs/react.development.js:2667:24)\n    at act (/Users/skyphotography/CODE/WedSync-2.0/WedSync2/wedsync/node_modules/react/cjs/react.development.js:2582:11)\n    at /Users/skyphotography/CODE/WedSync-2.0/WedSync2/wedsync/node_modules/@testing-library/react/dist/act-compat.js:47:25\n    at renderRoot (/Users/skyphotography/CODE/WedSync-2.0/WedSync2/wedsync/node_modules/@testing-library/react/dist/pure.js:180:26)\n    at Proxy.render (/Users/skyphotography/CODE/WedSync-2.0/WedSync2/wedsync/node_modules/@testing-library/react/dist/pure.js:271:10)\n    at /Users/skyphotography/CODE/WedSync-2.0/WedSync2/wedsync/src/__tests__/components/ai/AIWeddingOptimizer.test.tsx:551:7\n    at file:///Users/skyphotography/CODE/WedSync-2.0/WedSync2/wedsync/node_modules/@vitest/runner/dist/chunk-hooks.js:155:11\n    at file:///Users/skyphotography/CODE/WedSync-2.0/WedSync2/wedsync/node_modules/@vitest/runner/dist/chunk-hooks.js:752:26\n    at file:///Users/skyphotography/CODE/WedSync-2.0/WedSync2/wedsync/node_modules/@vitest/runner/dist/chunk-hooks.js:1897:20","Error: Should not already be working.\n    at performConcurrentWorkOnRoot (/Users/skyphotography/CODE/WedSync-2.0/WedSync2/wedsync/node_modules/react-dom/cjs/react-dom.development.js:25742:11)\n    at flushActQueue (/Users/skyphotography/CODE/WedSync-2.0/WedSync2/wedsync/node_modules/react/cjs/react.development.js:2667:24)\n    at act (/Users/skyphotography/CODE/WedSync-2.0/WedSync2/wedsync/node_modules/react/cjs/react.development.js:2582:11)\n    at /Users/skyphotography/CODE/WedSync-2.0/WedSync2/wedsync/node_modules/@testing-library/react/dist/act-compat.js:47:25\n    at /Users/skyphotography/CODE/WedSync-2.0/WedSync2/wedsync/node_modules/@testing-library/react/dist/pure.js:285:28\n    at Array.forEach (<anonymous>)\n    at Proxy.cleanup (/Users/skyphotography/CODE/WedSync-2.0/WedSync2/wedsync/node_modules/@testing-library/react/dist/pure.js:281:22)\n    at /Users/skyphotography/CODE/WedSync-2.0/WedSync2/wedsync/tests/setup.ts:199:3\n    at file:///Users/skyphotography/CODE/WedSync-2.0/WedSync2/wedsync/node_modules/@vitest/runner/dist/chunk-hooks.js:155:11\n    at file:///Users/skyphotography/CODE/WedSync-2.0/WedSync2/wedsync/node_modules/@vitest/runner/dist/chunk-hooks.js:1897:20"],"location":{"line":550,"column":5},"meta":{}},{"ancestorTitles":["AIWeddingOptimizer","Wedding Industry Context"],"fullName":"AIWeddingOptimizer Wedding Industry Context displays wedding-specific terminology","status":"failed","title":"displays wedding-specific terminology","duration":5.659583999999995,"failureMessages":["Error: Should not already be working.\n    at performConcurrentWorkOnRoot (/Users/skyphotography/CODE/WedSync-2.0/WedSync2/wedsync/node_modules/react-dom/cjs/react-dom.development.js:25742:11)\n    at flushActQueue (/Users/skyphotography/CODE/WedSync-2.0/WedSync2/wedsync/node_modules/react/cjs/react.development.js:2667:24)\n    at act (/Users/skyphotography/CODE/WedSync-2.0/WedSync2/wedsync/node_modules/react/cjs/react.development.js:2582:11)\n    at /Users/skyphotography/CODE/WedSync-2.0/WedSync2/wedsync/node_modules/@testing-library/react/dist/act-compat.js:47:25\n    at renderRoot (/Users/skyphotography/CODE/WedSync-2.0/WedSync2/wedsync/node_modules/@testing-library/react/dist/pure.js:180:26)\n    at Proxy.render (/Users/skyphotography/CODE/WedSync-2.0/WedSync2/wedsync/node_modules/@testing-library/react/dist/pure.js:271:10)\n    at /Users/skyphotography/CODE/WedSync-2.0/WedSync2/wedsync/src/__tests__/components/ai/AIWeddingOptimizer.test.tsx:563:7\n    at file:///Users/skyphotography/CODE/WedSync-2.0/WedSync2/wedsync/node_modules/@vitest/runner/dist/chunk-hooks.js:155:11\n    at file:///Users/skyphotography/CODE/WedSync-2.0/WedSync2/wedsync/node_modules/@vitest/runner/dist/chunk-hooks.js:752:26\n    at file:///Users/skyphotography/CODE/WedSync-2.0/WedSync2/wedsync/node_modules/@vitest/runner/dist/chunk-hooks.js:1897:20","Error: Should not already be working.\n    at performConcurrentWorkOnRoot (/Users/skyphotography/CODE/WedSync-2.0/WedSync2/wedsync/node_modules/react-dom/cjs/react-dom.development.js:25742:11)\n    at flushActQueue (/Users/skyphotography/CODE/WedSync-2.0/WedSync2/wedsync/node_modules/react/cjs/react.development.js:2667:24)\n    at act (/Users/skyphotography/CODE/WedSync-2.0/WedSync2/wedsync/node_modules/react/cjs/react.development.js:2582:11)\n    at /Users/skyphotography/CODE/WedSync-2.0/WedSync2/wedsync/node_modules/@testing-library/react/dist/act-compat.js:47:25\n    at /Users/skyphotography/CODE/WedSync-2.0/WedSync2/wedsync/node_modules/@testing-library/react/dist/pure.js:285:28\n    at Array.forEach (<anonymous>)\n    at Proxy.cleanup (/Users/skyphotography/CODE/WedSync-2.0/WedSync2/wedsync/node_modules/@testing-library/react/dist/pure.js:281:22)\n    at /Users/skyphotography/CODE/WedSync-2.0/WedSync2/wedsync/tests/setup.ts:199:3\n    at file:///Users/skyphotography/CODE/WedSync-2.0/WedSync2/wedsync/node_modules/@vitest/runner/dist/chunk-hooks.js:155:11\n    at file:///Users/skyphotography/CODE/WedSync-2.0/WedSync2/wedsync/node_modules/@vitest/runner/dist/chunk-hooks.js:1897:20"],"location":{"line":562,"column":5},"meta":{}},{"ancestorTitles":["AIWeddingOptimizer","Wedding Industry Context"],"fullName":"AIWeddingOptimizer Wedding Industry Context shows wedding planning metrics","status":"failed","title":"shows wedding planning metrics","duration":9.3587500000001,"failureMessages":["Error: Should not already be working.\n    at performConcurrentWorkOnRoot (/Users/skyphotography/CODE/WedSync-2.0/WedSync2/wedsync/node_modules/react-dom/cjs/react-dom.development.js:25742:11)\n    at flushActQueue (/Users/skyphotography/CODE/WedSync-2.0/WedSync2/wedsync/node_modules/react/cjs/react.development.js:2667:24)\n    at act (/Users/skyphotography/CODE/WedSync-2.0/WedSync2/wedsync/node_modules/react/cjs/react.development.js:2582:11)\n    at /Users/skyphotography/CODE/WedSync-2.0/WedSync2/wedsync/node_modules/@testing-library/react/dist/act-compat.js:47:25\n    at renderRoot (/Users/skyphotography/CODE/WedSync-2.0/WedSync2/wedsync/node_modules/@testing-library/react/dist/pure.js:180:26)\n    at Proxy.render (/Users/skyphotography/CODE/WedSync-2.0/WedSync2/wedsync/node_modules/@testing-library/react/dist/pure.js:271:10)\n    at /Users/skyphotography/CODE/WedSync-2.0/WedSync2/wedsync/src/__tests__/components/ai/AIWeddingOptimizer.test.tsx:571:7\n    at file:///Users/skyphotography/CODE/WedSync-2.0/WedSync2/wedsync/node_modules/@vitest/runner/dist/chunk-hooks.js:155:11\n    at file:///Users/skyphotography/CODE/WedSync-2.0/WedSync2/wedsync/node_modules/@vitest/runner/dist/chunk-hooks.js:752:26\n    at file:///Users/skyphotography/CODE/WedSync-2.0/WedSync2/wedsync/node_modules/@vitest/runner/dist/chunk-hooks.js:1897:20","Error: Should not already be working.\n    at performConcurrentWorkOnRoot (/Users/skyphotography/CODE/WedSync-2.0/WedSync2/wedsync/node_modules/react-dom/cjs/react-dom.development.js:25742:11)\n    at flushActQueue (/Users/skyphotography/CODE/WedSync-2.0/WedSync2/wedsync/node_modules/react/cjs/react.development.js:2667:24)\n    at act (/Users/skyphotography/CODE/WedSync-2.0/WedSync2/wedsync/node_modules/react/cjs/react.development.js:2582:11)\n    at /Users/skyphotography/CODE/WedSync-2.0/WedSync2/wedsync/node_modules/@testing-library/react/dist/act-compat.js:47:25\n    at /Users/skyphotography/CODE/WedSync-2.0/WedSync2/wedsync/node_modules/@testing-library/react/dist/pure.js:285:28\n    at Array.forEach (<anonymous>)\n    at Proxy.cleanup (/Users/skyphotography/CODE/WedSync-2.0/WedSync2/wedsync/node_modules/@testing-library/react/dist/pure.js:281:22)\n    at /Users/skyphotography/CODE/WedSync-2.0/WedSync2/wedsync/tests/setup.ts:199:3\n    at file:///Users/skyphotography/CODE/WedSync-2.0/WedSync2/wedsync/node_modules/@vitest/runner/dist/chunk-hooks.js:155:11\n    at file:///Users/skyphotography/CODE/WedSync-2.0/WedSync2/wedsync/node_modules/@vitest/runner/dist/chunk-hooks.js:1897:20"],"location":{"line":570,"column":5},"meta":{}},{"ancestorTitles":["AIWeddingOptimizer","Wedding Industry Context"],"fullName":"AIWeddingOptimizer Wedding Industry Context handles wedding-specific data correctly","status":"failed","title":"handles wedding-specific data correctly","duration":4.02433300000007,"failureMessages":["Error: Should not already be working.\n    at performConcurrentWorkOnRoot (/Users/skyphotography/CODE/WedSync-2.0/WedSync2/wedsync/node_modules/react-dom/cjs/react-dom.development.js:25742:11)\n    at flushActQueue (/Users/skyphotography/CODE/WedSync-2.0/WedSync2/wedsync/node_modules/react/cjs/react.development.js:2667:24)\n    at act (/Users/skyphotography/CODE/WedSync-2.0/WedSync2/wedsync/node_modules/react/cjs/react.development.js:2582:11)\n    at /Users/skyphotography/CODE/WedSync-2.0/WedSync2/wedsync/node_modules/@testing-library/react/dist/act-compat.js:47:25\n    at renderRoot (/Users/skyphotography/CODE/WedSync-2.0/WedSync2/wedsync/node_modules/@testing-library/react/dist/pure.js:180:26)\n    at Proxy.render (/Users/skyphotography/CODE/WedSync-2.0/WedSync2/wedsync/node_modules/@testing-library/react/dist/pure.js:271:10)\n    at /Users/skyphotography/CODE/WedSync-2.0/WedSync2/wedsync/src/__tests__/components/ai/AIWeddingOptimizer.test.tsx:579:7\n    at file:///Users/skyphotography/CODE/WedSync-2.0/WedSync2/wedsync/node_modules/@vitest/runner/dist/chunk-hooks.js:155:11\n    at file:///Users/skyphotography/CODE/WedSync-2.0/WedSync2/wedsync/node_modules/@vitest/runner/dist/chunk-hooks.js:752:26\n    at file:///Users/skyphotography/CODE/WedSync-2.0/WedSync2/wedsync/node_modules/@vitest/runner/dist/chunk-hooks.js:1897:20","Error: Should not already be working.\n    at performConcurrentWorkOnRoot (/Users/skyphotography/CODE/WedSync-2.0/WedSync2/wedsync/node_modules/react-dom/cjs/react-dom.development.js:25742:11)\n    at flushActQueue (/Users/skyphotography/CODE/WedSync-2.0/WedSync2/wedsync/node_modules/react/cjs/react.development.js:2667:24)\n    at act (/Users/skyphotography/CODE/WedSync-2.0/WedSync2/wedsync/node_modules/react/cjs/react.development.js:2582:11)\n    at /Users/skyphotography/CODE/WedSync-2.0/WedSync2/wedsync/node_modules/@testing-library/react/dist/act-compat.js:47:25\n    at /Users/skyphotography/CODE/WedSync-2.0/WedSync2/wedsync/node_modules/@testing-library/react/dist/pure.js:285:28\n    at Array.forEach (<anonymous>)\n    at Proxy.cleanup (/Users/skyphotography/CODE/WedSync-2.0/WedSync2/wedsync/node_modules/@testing-library/react/dist/pure.js:281:22)\n    at /Users/skyphotography/CODE/WedSync-2.0/WedSync2/wedsync/tests/setup.ts:199:3\n    at file:///Users/skyphotography/CODE/WedSync-2.0/WedSync2/wedsync/node_modules/@vitest/runner/dist/chunk-hooks.js:155:11\n    at file:///Users/skyphotography/CODE/WedSync-2.0/WedSync2/wedsync/node_modules/@vitest/runner/dist/chunk-hooks.js:1897:20"],"location":{"line":578,"column":5},"meta":{}}],"startTime":1757352767596,"endTime":1757352767753.0244,"status":"failed","message":"","name":"/Users/skyphotography/CODE/WedSync-2.0/WedSync2/wedsync/src/__tests__/components/ai/AIWeddingOptimizer.test.tsx"}]}